Arguments: 
  /home/mli/.nvm/versions/node/v18.16.0/bin/node /home/mli/.yarn/bin/yarn.js init

PATH: 
  /home/mli/.yarn/bin:/home/mli/.config/yarn/global/node_modules/.bin:/home/mli/Zdock/zdock3.0.2:/home/mli/edirect:/usr/local/cuda-12.0/bin:/home/mli/anaconda3/bin:/home/mli/Zdock/zdock3.0.2:/home/mli/edirect:/home/mli/.nvm/versions/node/v18.16.0/bin:/usr/local/cuda-12.0/bin:/home/mli/anaconda3/bin:/home/mli/anaconda3/condabin:/usr/local/sbin:/usr/local/bin:/usr/sbin:/usr/bin:/sbin:/bin:/usr/games:/usr/local/games:/snap/bin:/snap/bin

Yarn version: 
  1.22.19

Node version: 
  18.16.0

Platform: 
  linux x64

Trace: 
  Error: canceled
      at Interface.<anonymous> (/home/mli/.yarn/lib/cli.js:137150:13)
      at Interface.emit (node:events:513:28)
      at [_ttyWrite] [as _ttyWrite] (node:internal/readline/interface:1131:18)
      at ReadStream.onkeypress (node:internal/readline/interface:270:20)
      at ReadStream.emit (node:events:513:28)
      at emitKeys (node:internal/readline/utils:357:14)
      at emitKeys.next (<anonymous>)
      at ReadStream.onData (node:internal/readline/emitKeypressEvents:64:36)
      at ReadStream.emit (node:events:513:28)
      at addChunk (node:internal/streams/readable:324:12)

npm manifest: 
  No manifest

yarn manifest: 
  No manifest

Lockfile: 
  No lockfile
